<?xml version="1.0" encoding="UTF-8"?>
<!-- Generated by org.testng.reporters.JUnitXMLReporter -->
<testsuite hostname="vasu-PC" name="VasuTestNG" tests="4" failures="0" timestamp="7 Apr 2021 15:08:59 GMT" time="0.121" errors="0">
  <testcase name="method1" time="0.013" classname="com.vasu.testng.AnnotationsTest1"/>
  <testcase name="method2" time="0.003" classname="com.vasu.testng.AnnotationsTest1"/>
  <testcase name="method3" time="0.017" classname="com.vasu.testng.AnnotationsTest2"/>
  <testcase name="method4" time="0.002" classname="com.vasu.testng.AnnotationsTest2"/>
</testsuite> <!-- VasuTestNG -->
