<?xml version="1.0" encoding="UTF-8"?>
<!-- Generated by org.testng.reporters.JUnitReportReporter -->
<testsuite hostname="vasu-PC" name="com.vasu.testng.MultipleTestNgTest" tests="3" failures="0" timestamp="7 Apr 2021 14:42:43 GMT" time="0.037" errors="0">
  <testcase name="appLogout" time="0.002" classname="com.vasu.testng.MultipleTestNgTest"/>
  <testcase name="appClose" time="0.033" classname="com.vasu.testng.MultipleTestNgTest"/>
  <testcase name="appLogin" time="0.002" classname="com.vasu.testng.MultipleTestNgTest"/>
</testsuite> <!-- com.vasu.testng.MultipleTestNgTest -->
